<?xml version="1.0" encoding="UTF-8"?>
<testsuite name="com.valenvalag.portfoliobackend.PortfolioBackendApplicationTests" tests="1" skipped="0" failures="0" errors="0" timestamp="2026-02-16T11:10:18.481Z" hostname="MacBook-Pro-de-Valentin.local" time="0.761">
  <properties/>
  <testcase name="contextLoads()" classname="com.valenvalag.portfoliobackend.PortfolioBackendApplicationTests" time="0.297"/>
  <system-out><![CDATA[12:10:18.526 [Test worker] INFO org.springframework.test.context.support.AnnotationConfigContextLoaderUtils -- Could not detect default configuration classes for test class [com.valenvalag.portfoliobackend.PortfolioBackendApplicationTests]: PortfolioBackendApplicationTests does not declare any static, non-private, non-final, nested classes annotated with @Configuration.
12:10:18.558 [Test worker] INFO org.springframework.boot.test.context.SpringBootTestContextBootstrapper -- Found @SpringBootConfiguration com.valenvalag.portfoliobackend.PortfolioBackendApplication for test class com.valenvalag.portfoliobackend.PortfolioBackendApplicationTests

  .   ____          _            __ _ _
 /\\ / ___'_ __ _ _(_)_ __  __ _ \ \ \ \
( ( )\___ | '_ | '_| | '_ \/ _` | \ \ \ \
 \\/  ___)| |_)| | | | | || (_| |  ) ) ) )
  '  |____| .__|_| |_|_| |_\__, | / / / /
 =========|_|==============|___/=/_/_/_/

 :: Spring Boot ::                (v4.0.2)

2026-02-16T12:10:18.665+01:00  INFO 89993 --- [PortfolioBackend] [    Test worker] c.v.p.PortfolioBackendApplicationTests   : Starting PortfolioBackendApplicationTests using Java 21.0.10 with PID 89993 (started by valentinalvarez in /Users/valentinalvarez/Documents/Personal projects/PortfolioBackend)
2026-02-16T12:10:18.666+01:00  INFO 89993 --- [PortfolioBackend] [    Test worker] c.v.p.PortfolioBackendApplicationTests   : No active profile set, falling back to 1 default profile: "default"
2026-02-16T12:10:18.942+01:00  INFO 89993 --- [PortfolioBackend] [    Test worker] c.v.p.PortfolioBackendApplicationTests   : Started PortfolioBackendApplicationTests in 0.343 seconds (process running for 0.736)
]]></system-out>
  <system-err><![CDATA[Mockito is currently self-attaching to enable the inline-mock-maker. This will no longer work in future releases of the JDK. Please add Mockito as an agent to your build as described in Mockito's documentation: https://javadoc.io/doc/org.mockito/mockito-core/latest/org.mockito/org/mockito/Mockito.html#0.3
WARNING: A Java agent has been loaded dynamically (/Users/valentinalvarez/.gradle/caches/modules-2/files-2.1/net.bytebuddy/byte-buddy-agent/1.17.8/f09415827a71be7ed621c7bd02550678f28bc81c/byte-buddy-agent-1.17.8.jar)
WARNING: If a serviceability tool is in use, please run with -XX:+EnableDynamicAgentLoading to hide this warning
WARNING: If a serviceability tool is not in use, please run with -Djdk.instrument.traceUsage for more information
WARNING: Dynamic loading of agents will be disallowed by default in a future release
]]></system-err>
</testsuite>
